Copyright 1986-2020 Xilinx, Inc. All Rights Reserved.
------------------------------------------------------------------------------------------------------------------------------------------------------------------------------
| Tool Version : Vivado v.2020.2 (lin64) Build 3064766 Wed Nov 18 09:12:47 MST 2020
| Date         : Mon Nov 14 09:43:19 2022
| Host         : ayuba-VivoBook-Flip-14-ASUS-Flip-TP412UA running 64-bit Ubuntu 20.04.5 LTS
| Command      : report_drc -file zybo_z7_20_base_20202_wrapper_drc_opted.rpt -pb zybo_z7_20_base_20202_wrapper_drc_opted.pb -rpx zybo_z7_20_base_20202_wrapper_drc_opted.rpx
| Design       : zybo_z7_20_base_20202_wrapper
| Device       : xc7z020clg400-1
| Speed File   : -1
| Design State : Fully Placed
------------------------------------------------------------------------------------------------------------------------------------------------------------------------------

Report DRC

Table of Contents
-----------------
1. REPORT SUMMARY
2. REPORT DETAILS

1. REPORT SUMMARY
-----------------
            Netlist: netlist
          Floorplan: design_1
      Design limits: <entire design considered>
           Ruledeck: default
             Max violations: <unlimited>
             Violations found: 0
+------+----------+-------------+------------+
| Rule | Severity | Description | Violations |
+------+----------+-------------+------------+
+------+----------+-------------+------------+

2. REPORT DETAILS
-----------------

